2013/10/21 11:42:37 [info] [application] Starting mail send
in /var/www/postman/protected/controllers/SiteController.php (35)
in /var/www/postman/index.php (13)
2013/10/21 11:42:37 [info] [application] Created email
in /var/www/postman/protected/controllers/SiteController.php (37)
in /var/www/postman/index.php (13)
2013/10/21 11:42:37 [info] [application] Created email
in /var/www/postman/protected/controllers/SiteController.php (44)
in /var/www/postman/index.php (13)
2013/10/21 11:44:12 [info] [application] Starting mail send
in /var/www/postman/protected/controllers/SiteController.php (34)
in /var/www/postman/index.php (13)
2013/10/21 11:44:12 [info] [application] Created email
in /var/www/postman/protected/controllers/SiteController.php (36)
in /var/www/postman/index.php (13)
2013/10/21 11:44:12 [info] [application] Created email
in /var/www/postman/protected/controllers/SiteController.php (43)
in /var/www/postman/index.php (13)
2013/10/21 11:44:19 [info] [application] Starting mail send
in /var/www/postman/protected/controllers/SiteController.php (34)
in /var/www/postman/index.php (13)
2013/10/21 11:44:19 [error] [php] include(Mail_Postmark.php): failed to open stream: No such file or directory (/var/www/yii/framework/YiiBase.php:421)
Stack trace:
#0 /var/www/postman/protected/controllers/SiteController.php(35): spl_autoload_call()
#1 /var/www/yii/framework/web/actions/CInlineAction.php(49): SiteController->actionIndex()
#2 /var/www/yii/framework/web/CController.php(308): CInlineAction->runWithParams()
#3 /var/www/yii/framework/web/CController.php(286): SiteController->runAction()
#4 /var/www/yii/framework/web/CController.php(265): SiteController->runActionWithFilters()
#5 /var/www/yii/framework/web/CWebApplication.php(282): SiteController->run()
#6 /var/www/yii/framework/web/CWebApplication.php(141): CWebApplication->runController()
#7 /var/www/yii/framework/base/CApplication.php(169): CWebApplication->processRequest()
#8 /var/www/postman/index.php(13): CWebApplication->run()
REQUEST_URI=/postman/
in /var/www/postman/protected/controllers/SiteController.php (35)
in /var/www/postman/index.php (13)
2013/10/21 11:55:56 [info] [application] Starting mail send
in /var/www/postman/protected/controllers/SiteController.php (34)
in /var/www/postman/index.php (13)
2013/10/21 11:55:56 [error] [php] include(Mail_Postmark.php): failed to open stream: No such file or directory (/var/www/yii/framework/YiiBase.php:421)
Stack trace:
#0 /var/www/postman/protected/controllers/SiteController.php(35): spl_autoload_call()
#1 /var/www/yii/framework/web/actions/CInlineAction.php(49): SiteController->actionIndex()
#2 /var/www/yii/framework/web/CController.php(308): CInlineAction->runWithParams()
#3 /var/www/yii/framework/web/CController.php(286): SiteController->runAction()
#4 /var/www/yii/framework/web/CController.php(265): SiteController->runActionWithFilters()
#5 /var/www/yii/framework/web/CWebApplication.php(282): SiteController->run()
#6 /var/www/yii/framework/web/CWebApplication.php(141): CWebApplication->runController()
#7 /var/www/yii/framework/base/CApplication.php(169): CWebApplication->processRequest()
#8 /var/www/postman/index.php(13): CWebApplication->run()
REQUEST_URI=/postman/
in /var/www/postman/protected/controllers/SiteController.php (35)
in /var/www/postman/index.php (13)
2013/10/21 11:56:35 [info] [application] Starting mail send
in /var/www/postman/protected/controllers/SiteController.php (34)
in /var/www/postman/index.php (13)
2013/10/21 11:56:35 [error] [php] include(Mail_Postmark.php): failed to open stream: No such file or directory (/var/www/yii/framework/YiiBase.php:421)
Stack trace:
#0 /var/www/postman/protected/controllers/SiteController.php(35): spl_autoload_call()
#1 /var/www/yii/framework/web/actions/CInlineAction.php(49): SiteController->actionIndex()
#2 /var/www/yii/framework/web/CController.php(308): CInlineAction->runWithParams()
#3 /var/www/yii/framework/web/CController.php(286): SiteController->runAction()
#4 /var/www/yii/framework/web/CController.php(265): SiteController->runActionWithFilters()
#5 /var/www/yii/framework/web/CWebApplication.php(282): SiteController->run()
#6 /var/www/yii/framework/web/CWebApplication.php(141): CWebApplication->runController()
#7 /var/www/yii/framework/base/CApplication.php(169): CWebApplication->processRequest()
#8 /var/www/postman/index.php(13): CWebApplication->run()
REQUEST_URI=/postman/
in /var/www/postman/protected/controllers/SiteController.php (35)
in /var/www/postman/index.php (13)
2013/10/21 12:11:52 [info] [application] Starting mail send
in /var/www/postman/protected/controllers/SiteController.php (34)
in /var/www/postman/index.php (13)
2013/10/21 12:11:52 [error] [exception.CException] exception 'CException' with message 'Property "CAttributeCollection.postmarkApiKey" is not defined.' in /var/www/yii/framework/base/CComponent.php:130
Stack trace:
#0 /var/www/yii/framework/collections/CAttributeCollection.php(51): CComponent->__get('postmarkApiKey')
#1 /var/www/postman/protected/extensions/postmark-yii-master/Postmark.php(36): CAttributeCollection->__get('postmarkApiKey')
#2 /var/www/yii/framework/YiiBase.php(421): include('/var/www/postma...')
#3 [internal function]: YiiBase::autoload('Postmark')
#4 /var/www/postman/protected/controllers/SiteController.php(36): spl_autoload_call('Postmark')
#5 /var/www/yii/framework/web/actions/CInlineAction.php(49): SiteController->actionIndex()
#6 /var/www/yii/framework/web/CController.php(308): CInlineAction->runWithParams(Array)
#7 /var/www/yii/framework/web/CController.php(286): CController->runAction(Object(CInlineAction))
#8 /var/www/yii/framework/web/CController.php(265): CController->runActionWithFilters(Object(CInlineAction), Array)
#9 /var/www/yii/framework/web/CWebApplication.php(282): CController->run('')
#10 /var/www/yii/framework/web/CWebApplication.php(141): CWebApplication->runController('')
#11 /var/www/yii/framework/base/CApplication.php(169): CWebApplication->processRequest()
#12 /var/www/postman/index.php(13): CApplication->run()
#13 {main}
REQUEST_URI=/postman/
---
2013/10/21 12:13:48 [info] [application] Starting mail send
in /var/www/postman/protected/controllers/SiteController.php (34)
in /var/www/postman/index.php (13)
2013/10/21 12:13:48 [error] [exception.CException] exception 'CException' with message 'Property "CAttributeCollection.postmarkApiKey" is not defined.' in /var/www/yii/framework/base/CComponent.php:130
Stack trace:
#0 /var/www/yii/framework/collections/CAttributeCollection.php(51): CComponent->__get('postmarkApiKey')
#1 /var/www/postman/protected/extensions/postmark-yii-master/Postmark.php(36): CAttributeCollection->__get('postmarkApiKey')
#2 /var/www/yii/framework/YiiBase.php(421): include('/var/www/postma...')
#3 [internal function]: YiiBase::autoload('Postmark')
#4 /var/www/postman/protected/controllers/SiteController.php(36): spl_autoload_call('Postmark')
#5 /var/www/yii/framework/web/actions/CInlineAction.php(49): SiteController->actionIndex()
#6 /var/www/yii/framework/web/CController.php(308): CInlineAction->runWithParams(Array)
#7 /var/www/yii/framework/web/CController.php(286): CController->runAction(Object(CInlineAction))
#8 /var/www/yii/framework/web/CController.php(265): CController->runActionWithFilters(Object(CInlineAction), Array)
#9 /var/www/yii/framework/web/CWebApplication.php(282): CController->run('')
#10 /var/www/yii/framework/web/CWebApplication.php(141): CWebApplication->runController('')
#11 /var/www/yii/framework/base/CApplication.php(169): CWebApplication->processRequest()
#12 /var/www/postman/index.php(13): CApplication->run()
#13 {main}
REQUEST_URI=/postman/
---
2013/10/21 12:14:15 [info] [application] Starting mail send
in /var/www/postman/protected/controllers/SiteController.php (34)
in /var/www/postman/index.php (13)
2013/10/21 12:14:15 [info] [application] Created email
in /var/www/postman/protected/controllers/SiteController.php (37)
in /var/www/postman/index.php (13)
2013/10/21 12:14:15 [info] [application] Created email
in /var/www/postman/protected/controllers/SiteController.php (44)
in /var/www/postman/index.php (13)
2013/10/21 12:18:10 [info] [application] Starting mail send
in /var/www/postman/protected/controllers/SiteController.php (34)
in /var/www/postman/index.php (13)
2013/10/21 12:18:10 [info] [application] Created email
in /var/www/postman/protected/controllers/SiteController.php (37)
in /var/www/postman/index.php (13)
2013/10/21 12:18:10 [info] [application] Set debug flags
in /var/www/postman/protected/controllers/SiteController.php (38)
in /var/www/postman/index.php (13)
2013/10/21 12:18:13 [error] [exception.Exception] exception 'Exception' with message 'Error while mailing. Postmark returned HTTP code 401 with message "{"ErrorCode":0,"Message":"Bad or missing server or user API token."}"' in /var/www/postman/protected/extensions/postmark-yii-master/Postmark.php:349
Stack trace:
#0 /var/www/postman/protected/controllers/SiteController.php(42): Postmark->send()
#1 /var/www/yii/framework/web/actions/CInlineAction.php(49): SiteController->actionIndex()
#2 /var/www/yii/framework/web/CController.php(308): CInlineAction->runWithParams(Array)
#3 /var/www/yii/framework/web/CController.php(286): CController->runAction(Object(CInlineAction))
#4 /var/www/yii/framework/web/CController.php(265): CController->runActionWithFilters(Object(CInlineAction), Array)
#5 /var/www/yii/framework/web/CWebApplication.php(282): CController->run('')
#6 /var/www/yii/framework/web/CWebApplication.php(141): CWebApplication->runController('')
#7 /var/www/yii/framework/base/CApplication.php(169): CWebApplication->processRequest()
#8 /var/www/postman/index.php(13): CApplication->run()
#9 {main}
REQUEST_URI=/postman/
---
2013/10/21 12:20:24 [info] [application] Starting mail send
in /var/www/postman/protected/controllers/SiteController.php (34)
in /var/www/postman/index.php (13)
2013/10/21 12:20:24 [info] [application] Created email
in /var/www/postman/protected/controllers/SiteController.php (37)
in /var/www/postman/index.php (13)
2013/10/21 12:20:24 [info] [application] Set debug flags
in /var/www/postman/protected/controllers/SiteController.php (38)
in /var/www/postman/index.php (13)
2013/10/21 12:20:35 [info] [application] Sent email
in /var/www/postman/protected/controllers/SiteController.php (43)
in /var/www/postman/index.php (13)
2013/10/21 12:23:16 [info] [application] Starting mail send
in /var/www/postman/protected/controllers/SiteController.php (34)
in /var/www/postman/index.php (13)
2013/10/21 12:23:16 [info] [application] Created email
in /var/www/postman/protected/controllers/SiteController.php (37)
in /var/www/postman/index.php (13)
2013/10/21 12:23:16 [info] [application] Set debug flags
in /var/www/postman/protected/controllers/SiteController.php (38)
in /var/www/postman/index.php (13)
2013/10/21 12:23:18 [error] [exception.Exception] exception 'Exception' with message 'You tried to send to a recipient that has been marked as inactive.
Found inactive addresses: spectrumin.ajay@gmail.con.
Inactive recipients are ones that have generated a hard bounce or a spam complaint. ' in /var/www/postman/protected/extensions/postmark-yii-master/Postmark.php:347
Stack trace:
#0 /var/www/postman/protected/controllers/SiteController.php(42): Postmark->send()
#1 /var/www/yii/framework/web/actions/CInlineAction.php(49): SiteController->actionIndex()
#2 /var/www/yii/framework/web/CController.php(308): CInlineAction->runWithParams(Array)
#3 /var/www/yii/framework/web/CController.php(286): CController->runAction(Object(CInlineAction))
#4 /var/www/yii/framework/web/CController.php(265): CController->runActionWithFilters(Object(CInlineAction), Array)
#5 /var/www/yii/framework/web/CWebApplication.php(282): CController->run('')
#6 /var/www/yii/framework/web/CWebApplication.php(141): CWebApplication->runController('')
#7 /var/www/yii/framework/base/CApplication.php(169): CWebApplication->processRequest()
#8 /var/www/postman/index.php(13): CApplication->run()
#9 {main}
REQUEST_URI=/postman/
---
2013/10/21 12:24:37 [info] [application] Starting mail send
in /var/www/postman/protected/controllers/SiteController.php (34)
in /var/www/postman/index.php (13)
2013/10/21 12:24:37 [info] [application] Created email
in /var/www/postman/protected/controllers/SiteController.php (37)
in /var/www/postman/index.php (13)
2013/10/21 12:24:37 [info] [application] Set debug flags
in /var/www/postman/protected/controllers/SiteController.php (38)
in /var/www/postman/index.php (13)
2013/10/21 12:24:39 [info] [application] Sent email
in /var/www/postman/protected/controllers/SiteController.php (43)
in /var/www/postman/index.php (13)
2013/10/21 13:39:35 [info] [application] Starting mail send
in /var/www/postman/protected/controllers/SiteController.php (624)
in /var/www/postman/index.php (13)
2013/10/21 13:39:35 [info] [application] Created email
in /var/www/postman/protected/controllers/SiteController.php (627)
in /var/www/postman/index.php (13)
2013/10/21 13:39:35 [info] [application] Set debug flags
in /var/www/postman/protected/controllers/SiteController.php (628)
in /var/www/postman/index.php (13)
2013/10/21 13:39:39 [info] [application] Sent email
in /var/www/postman/protected/controllers/SiteController.php (634)
in /var/www/postman/index.php (13)
2013/10/21 13:46:14 [info] [application] Starting mail send
in /var/www/postman/protected/controllers/SiteController.php (624)
in /var/www/postman/index.php (13)
2013/10/21 13:46:14 [info] [application] Created email
in /var/www/postman/protected/controllers/SiteController.php (627)
in /var/www/postman/index.php (13)
2013/10/21 13:46:14 [info] [application] Set debug flags
in /var/www/postman/protected/controllers/SiteController.php (628)
in /var/www/postman/index.php (13)
2013/10/21 13:46:17 [info] [application] Sent email
in /var/www/postman/protected/controllers/SiteController.php (634)
in /var/www/postman/index.php (13)
2013/10/21 13:48:14 [info] [application] Starting mail send
in /var/www/postman/protected/controllers/SiteController.php (624)
in /var/www/postman/index.php (13)
2013/10/21 13:48:14 [info] [application] Created email
in /var/www/postman/protected/controllers/SiteController.php (627)
in /var/www/postman/index.php (13)
2013/10/21 13:48:14 [info] [application] Set debug flags
in /var/www/postman/protected/controllers/SiteController.php (628)
in /var/www/postman/index.php (13)
2013/10/21 13:48:17 [info] [application] Sent email
in /var/www/postman/protected/controllers/SiteController.php (634)
in /var/www/postman/index.php (13)
2013/10/25 04:57:01 [info] [application] Starting mail send
in /home/content/52/11139152/html/postman/protected/controllers/SiteController.php (624)
in /home/content/52/11139152/html/postman/index.php (13)
2013/10/25 04:57:01 [info] [application] Created email
in /home/content/52/11139152/html/postman/protected/controllers/SiteController.php (627)
in /home/content/52/11139152/html/postman/index.php (13)
2013/10/25 04:57:01 [info] [application] Set debug flags
in /home/content/52/11139152/html/postman/protected/controllers/SiteController.php (628)
in /home/content/52/11139152/html/postman/index.php (13)
2013/10/25 04:57:02 [info] [application] Sent email
in /home/content/52/11139152/html/postman/protected/controllers/SiteController.php (634)
in /home/content/52/11139152/html/postman/index.php (13)
2013/10/25 05:02:05 [info] [application] Starting mail send
in /home/content/52/11139152/html/postman/protected/controllers/SiteController.php (624)
in /home/content/52/11139152/html/postman/index.php (13)
2013/10/25 05:02:05 [info] [application] Created email
in /home/content/52/11139152/html/postman/protected/controllers/SiteController.php (627)
in /home/content/52/11139152/html/postman/index.php (13)
2013/10/25 05:02:05 [info] [application] Set debug flags
in /home/content/52/11139152/html/postman/protected/controllers/SiteController.php (628)
in /home/content/52/11139152/html/postman/index.php (13)
2013/10/25 05:02:06 [info] [application] Sent email
in /home/content/52/11139152/html/postman/protected/controllers/SiteController.php (634)
in /home/content/52/11139152/html/postman/index.php (13)
2013/10/25 05:02:20 [info] [application] Starting mail send
in /home/content/52/11139152/html/postman/protected/controllers/SiteController.php (624)
in /home/content/52/11139152/html/postman/index.php (13)
2013/10/25 05:02:20 [info] [application] Created email
in /home/content/52/11139152/html/postman/protected/controllers/SiteController.php (627)
in /home/content/52/11139152/html/postman/index.php (13)
2013/10/25 05:02:20 [info] [application] Set debug flags
in /home/content/52/11139152/html/postman/protected/controllers/SiteController.php (628)
in /home/content/52/11139152/html/postman/index.php (13)
2013/10/25 05:02:21 [info] [application] Sent email
in /home/content/52/11139152/html/postman/protected/controllers/SiteController.php (634)
in /home/content/52/11139152/html/postman/index.php (13)
2013/10/25 05:02:35 [info] [application] Starting mail send
in /home/content/52/11139152/html/postman/protected/controllers/SiteController.php (624)
in /home/content/52/11139152/html/postman/index.php (13)
2013/10/25 05:02:35 [info] [application] Created email
in /home/content/52/11139152/html/postman/protected/controllers/SiteController.php (627)
in /home/content/52/11139152/html/postman/index.php (13)
2013/10/25 05:02:35 [info] [application] Set debug flags
in /home/content/52/11139152/html/postman/protected/controllers/SiteController.php (628)
in /home/content/52/11139152/html/postman/index.php (13)
2013/10/25 05:02:36 [info] [application] Sent email
in /home/content/52/11139152/html/postman/protected/controllers/SiteController.php (634)
in /home/content/52/11139152/html/postman/index.php (13)
2014/01/08 21:25:07 [info] [application] Starting mail send
in /var/www/postman/protected/controllers/SiteController.php (624)
in /var/www/postman/index.php (13)
2014/01/08 21:25:07 [info] [application] Created email
in /var/www/postman/protected/controllers/SiteController.php (627)
in /var/www/postman/index.php (13)
2014/01/08 21:25:07 [info] [application] Set debug flags
in /var/www/postman/protected/controllers/SiteController.php (628)
in /var/www/postman/index.php (13)
2014/01/08 21:28:04 [trace] [system.CModule] Loading "log" application component
in /var/www/postman/index.php (13)
2014/01/08 21:28:04 [trace] [system.CModule] Loading "request" application component
in /var/www/postman/index.php (13)
2014/01/08 21:28:04 [trace] [system.CModule] Loading "urlManager" application component
in /var/www/postman/index.php (13)
2014/01/08 21:28:04 [info] [application] Starting mail send
in /var/www/postman/protected/controllers/SiteController.php (624)
in /var/www/postman/index.php (13)
2014/01/08 21:28:04 [info] [application] Created email
in /var/www/postman/protected/controllers/SiteController.php (627)
in /var/www/postman/index.php (13)
2014/01/08 21:28:04 [info] [application] Set debug flags
in /var/www/postman/protected/controllers/SiteController.php (628)
in /var/www/postman/index.php (13)
2014/01/08 21:30:07 [trace] [system.CModule] Loading "log" application component
in /var/www/postman/index.php (13)
2014/01/08 21:30:07 [trace] [system.CModule] Loading "request" application component
in /var/www/postman/index.php (13)
2014/01/08 21:30:07 [trace] [system.CModule] Loading "urlManager" application component
in /var/www/postman/index.php (13)
2014/01/08 21:30:07 [info] [application] Starting mail send
in /var/www/postman/protected/controllers/SiteController.php (624)
in /var/www/postman/index.php (13)
2014/01/08 21:30:07 [info] [application] Created email
in /var/www/postman/protected/controllers/SiteController.php (627)
in /var/www/postman/index.php (13)
2014/01/08 21:30:07 [info] [application] Set debug flags
in /var/www/postman/protected/controllers/SiteController.php (628)
in /var/www/postman/index.php (13)
2014/01/08 21:31:43 [trace] [system.CModule] Loading "log" application component
in /var/www/postman/index.php (13)
2014/01/08 21:31:43 [trace] [system.CModule] Loading "request" application component
in /var/www/postman/index.php (13)
2014/01/08 21:31:43 [trace] [system.CModule] Loading "urlManager" application component
in /var/www/postman/index.php (13)
2014/01/08 21:31:43 [info] [application] Starting mail send
in /var/www/postman/protected/controllers/SiteController.php (624)
in /var/www/postman/index.php (13)
2014/01/08 21:31:43 [info] [application] Created email
in /var/www/postman/protected/controllers/SiteController.php (627)
in /var/www/postman/index.php (13)
2014/01/08 21:32:06 [trace] [system.CModule] Loading "log" application component
in /var/www/postman/index.php (13)
2014/01/08 21:32:06 [trace] [system.CModule] Loading "request" application component
in /var/www/postman/index.php (13)
2014/01/08 21:32:06 [trace] [system.CModule] Loading "urlManager" application component
in /var/www/postman/index.php (13)
2014/01/08 21:32:06 [info] [application] Starting mail send
in /var/www/postman/protected/controllers/SiteController.php (624)
in /var/www/postman/index.php (13)
2014/01/08 21:32:06 [info] [application] Created email
in /var/www/postman/protected/controllers/SiteController.php (627)
in /var/www/postman/index.php (13)
2014/01/08 21:32:06 [info] [application] Set debug flags
in /var/www/postman/protected/controllers/SiteController.php (634)
in /var/www/postman/index.php (13)
2014/01/15 13:22:43 [trace] [system.CModule] Loading "log" application component
in /var/www/postman/index.php (13)
2014/01/15 13:22:43 [trace] [system.CModule] Loading "request" application component
in /var/www/postman/index.php (13)
2014/01/15 13:22:43 [trace] [system.CModule] Loading "urlManager" application component
in /var/www/postman/index.php (13)
2014/01/15 13:22:43 [info] [application] Starting mail send
in /var/www/postman/protected/controllers/SiteController.php (624)
in /var/www/postman/index.php (13)
2014/01/15 13:22:43 [info] [application] Created email
in /var/www/postman/protected/controllers/SiteController.php (627)
in /var/www/postman/index.php (13)
2014/01/15 13:22:43 [info] [application] Set debug flags
in /var/www/postman/protected/controllers/SiteController.php (634)
in /var/www/postman/index.php (13)
